SF:/home/runner/work/model-core.swift/model-core.swift/.build/x86_64-unknown-linux-gnu/debug/ModelCorePackageDiscoveredTests.derived/all-discovered-tests.swift
FN:4,$s31ModelCorePackageDiscoveredTests05__alldE0Say6XCTest0G4CaseCm04testH5Class_SaySS_yAEKctG0fE0tGyF
FNDA:1,$s31ModelCorePackageDiscoveredTests05__alldE0Say6XCTest0G4CaseCm04testH5Class_SaySS_yAEKctG0fE0tGyF
FNF:1
FNH:1
DA:4,1
DA:5,1
DA:6,1
DA:7,1
DA:8,1
DA:9,1
DA:10,1
BRF:0
BRH:0
LF:7
LH:7
end_of_record
SF:/home/runner/work/model-core.swift/model-core.swift/.build/x86_64-unknown-linux-gnu/debug/ModelCorePackageTests.derived/runner.swift
FN:5,$s21ModelCorePackageTests21SwiftPMXCTestObserverCACycfc
FN:12,$s21ModelCorePackageTests21SwiftPMXCTestObserverC14testOutputPathSSvg
FN:16,$s21ModelCorePackageTests21SwiftPMXCTestObserverC5write33_D7AC1F023A3E79234913834A825931C2LL6recordySE_p_tF
FN:18,$s21ModelCorePackageTests21SwiftPMXCTestObserverC5write33_D7AC1F023A3E79234913834A825931C2LL6recordySE_p_tFyyXEfU_
FN:23,$s21ModelCorePackageTests21SwiftPMXCTestObserverC6_write33_D7AC1F023A3E79234913834A825931C2LL6recordySE_p_tF
FN:36,$s21ModelCorePackageTests21SwiftPMXCTestObserverC19testBundleWillStartyy10Foundation0I0CF
FN:41,$s21ModelCorePackageTests21SwiftPMXCTestObserverC18testSuiteWillStartyy6XCTest0lI0CF
FN:46,$s21ModelCorePackageTests21SwiftPMXCTestObserverC17testCaseWillStartyy6XCTest0lI0CF
FN:62,$s21ModelCorePackageTests21SwiftPMXCTestObserverC8testCase_22didFailWithDescription6inFile6atLiney6XCTest0rI0C_S2SSgSitF
FN:69,$s21ModelCorePackageTests21SwiftPMXCTestObserverC17testCaseDidFinishyy6XCTest0lI0CF
FN:85,$s21ModelCorePackageTests21SwiftPMXCTestObserverC9testSuite_22didFailWithDescription6inFile6atLiney6XCTest0rI0C_S2SSgSitF
FN:92,$s21ModelCorePackageTests21SwiftPMXCTestObserverC18testSuiteDidFinishyy6XCTest0lI0CF
FN:97,$s21ModelCorePackageTests21SwiftPMXCTestObserverC19testBundleDidFinishyy10Foundation0I0CF
FN:129,$s21ModelCorePackageTests8FileLockC2atAC10Foundation3URLV_tcfc
FN:133,$s21ModelCorePackageTests8FileLockC4lockyyKF
FN:166,$s21ModelCorePackageTests8FileLockC4lockyyKFSSyXEfu_
FN:175,$s21ModelCorePackageTests8FileLockC4lockyyKFSSyXEfu0_
FN:180,$s21ModelCorePackageTests8FileLockC6unlockyyF
FN:195,$s21ModelCorePackageTests8FileLockCfd
FN:207,$s21ModelCorePackageTests8FileLockC04withF0yxxyKXEKlF
FN:213,$s21ModelCorePackageTests8FileLockC04withF0yxxyYaKXEYaKlF
FN:236,$s21ModelCorePackageTests15TestEventRecordV11caseFailure05suiteI006bundleF00jF00hF0AcA0e4CaseiG0VSg_AA0e5SuiteiG0VSgAA0e6BundlefG0VSgAA0emfG0VSgAA0elfG0VSgtcfC
FN:269,$s21ModelCorePackageTests21TestCaseFailureRecordV11descriptionSSvg
FN:310,$s21ModelCorePackageTests15TestFailureKindO10isExpectedSbvg
FN:341,$s21ModelCorePackageTests12TestLocationV11descriptionSSvg
FN:350,$s21ModelCorePackageTests21TestSourceCodeContextV11descriptionSSvg
FN:351,$s21ModelCorePackageTests21TestSourceCodeContextV11descriptionSSvgSSyKXEfu_
FN:374,$s21ModelCorePackageTests9TestIssueV11description6inFile6atLineACSS_SSSgSitcfC
FN:400,$s21ModelCorePackageTests10TestBundleVyAC10Foundation0F0CcfC
FN:409,$s21ModelCorePackageTests8TestCaseVyAC6XCTest0gF0CcfC
FN:415,$s21ModelCorePackageTests13TestErrorInfoVyACs0F0_pcfC
FN:490,$s21ModelCorePackageTests15TestSuiteRecordVyAC6XCTest0hF0CcfC
FN:501,$s21ModelCorePackageTests6RunnerV4mainyyFZ
FNDA:0,$s21ModelCorePackageTests21SwiftPMXCTestObserverCACycfc
FNDA:0,$s21ModelCorePackageTests21SwiftPMXCTestObserverC14testOutputPathSSvg
FNDA:0,$s21ModelCorePackageTests21SwiftPMXCTestObserverC5write33_D7AC1F023A3E79234913834A825931C2LL6recordySE_p_tF
FNDA:0,$s21ModelCorePackageTests21SwiftPMXCTestObserverC5write33_D7AC1F023A3E79234913834A825931C2LL6recordySE_p_tFyyXEfU_
FNDA:0,$s21ModelCorePackageTests21SwiftPMXCTestObserverC6_write33_D7AC1F023A3E79234913834A825931C2LL6recordySE_p_tF
FNDA:0,$s21ModelCorePackageTests21SwiftPMXCTestObserverC19testBundleWillStartyy10Foundation0I0CF
FNDA:0,$s21ModelCorePackageTests21SwiftPMXCTestObserverC18testSuiteWillStartyy6XCTest0lI0CF
FNDA:0,$s21ModelCorePackageTests21SwiftPMXCTestObserverC17testCaseWillStartyy6XCTest0lI0CF
FNDA:0,$s21ModelCorePackageTests21SwiftPMXCTestObserverC8testCase_22didFailWithDescription6inFile6atLiney6XCTest0rI0C_S2SSgSitF
FNDA:0,$s21ModelCorePackageTests21SwiftPMXCTestObserverC17testCaseDidFinishyy6XCTest0lI0CF
FNDA:0,$s21ModelCorePackageTests21SwiftPMXCTestObserverC9testSuite_22didFailWithDescription6inFile6atLiney6XCTest0rI0C_S2SSgSitF
FNDA:0,$s21ModelCorePackageTests21SwiftPMXCTestObserverC18testSuiteDidFinishyy6XCTest0lI0CF
FNDA:0,$s21ModelCorePackageTests21SwiftPMXCTestObserverC19testBundleDidFinishyy10Foundation0I0CF
FNDA:0,$s21ModelCorePackageTests8FileLockC2atAC10Foundation3URLV_tcfc
FNDA:0,$s21ModelCorePackageTests8FileLockC4lockyyKF
FNDA:0,$s21ModelCorePackageTests8FileLockC4lockyyKFSSyXEfu_
FNDA:0,$s21ModelCorePackageTests8FileLockC4lockyyKFSSyXEfu0_
FNDA:0,$s21ModelCorePackageTests8FileLockC6unlockyyF
FNDA:0,$s21ModelCorePackageTests8FileLockCfd
FNDA:0,$s21ModelCorePackageTests8FileLockC04withF0yxxyKXEKlF
FNDA:0,$s21ModelCorePackageTests8FileLockC04withF0yxxyYaKXEYaKlF
FNDA:0,$s21ModelCorePackageTests15TestEventRecordV11caseFailure05suiteI006bundleF00jF00hF0AcA0e4CaseiG0VSg_AA0e5SuiteiG0VSgAA0e6BundlefG0VSgAA0emfG0VSgAA0elfG0VSgtcfC
FNDA:0,$s21ModelCorePackageTests21TestCaseFailureRecordV11descriptionSSvg
FNDA:0,$s21ModelCorePackageTests15TestFailureKindO10isExpectedSbvg
FNDA:0,$s21ModelCorePackageTests12TestLocationV11descriptionSSvg
FNDA:0,$s21ModelCorePackageTests21TestSourceCodeContextV11descriptionSSvg
FNDA:0,$s21ModelCorePackageTests21TestSourceCodeContextV11descriptionSSvgSSyKXEfu_
FNDA:0,$s21ModelCorePackageTests9TestIssueV11description6inFile6atLineACSS_SSSgSitcfC
FNDA:0,$s21ModelCorePackageTests10TestBundleVyAC10Foundation0F0CcfC
FNDA:0,$s21ModelCorePackageTests8TestCaseVyAC6XCTest0gF0CcfC
FNDA:0,$s21ModelCorePackageTests13TestErrorInfoVyACs0F0_pcfC
FNDA:0,$s21ModelCorePackageTests15TestSuiteRecordVyAC6XCTest0hF0CcfC
FNDA:1,$s21ModelCorePackageTests6RunnerV4mainyyFZ
FNF:33
FNH:1
DA:5,0
DA:6,0
DA:7,0
DA:8,0
DA:12,0
DA:13,0
DA:14,0
DA:16,0
DA:17,0
DA:18,0
DA:19,0
DA:20,0
DA:21,0
DA:23,0
DA:24,0
DA:25,0
DA:26,0
DA:27,0
DA:28,0
DA:29,0
DA:30,0
DA:31,0
DA:32,0
DA:33,0
DA:34,0
DA:36,0
DA:37,0
DA:38,0
DA:39,0
DA:41,0
DA:42,0
DA:43,0
DA:44,0
DA:46,0
DA:47,0
DA:48,0
DA:49,0
DA:62,0
DA:63,0
DA:64,0
DA:65,0
DA:66,0
DA:69,0
DA:70,0
DA:71,0
DA:72,0
DA:85,0
DA:86,0
DA:87,0
DA:88,0
DA:89,0
DA:92,0
DA:93,0
DA:94,0
DA:95,0
DA:97,0
DA:98,0
DA:99,0
DA:100,0
DA:129,0
DA:130,0
DA:131,0
DA:133,0
DA:134,0
DA:135,0
DA:136,0
DA:137,0
DA:138,0
DA:139,0
DA:140,0
DA:141,0
DA:142,0
DA:143,0
DA:144,0
DA:145,0
DA:146,0
DA:147,0
DA:148,0
DA:149,0
DA:150,0
DA:151,0
DA:152,0
DA:153,0
DA:154,0
DA:155,0
DA:156,0
DA:157,0
DA:158,0
DA:159,0
DA:160,0
DA:161,0
DA:162,0
DA:163,0
DA:164,0
DA:165,0
DA:166,0
DA:167,0
DA:168,0
DA:169,0
DA:170,0
DA:171,0
DA:172,0
DA:173,0
DA:174,0
DA:175,0
DA:176,0
DA:177,0
DA:178,0
DA:180,0
DA:181,0
DA:182,0
DA:183,0
DA:184,0
DA:185,0
DA:186,0
DA:187,0
DA:188,0
DA:189,0
DA:190,0
DA:191,0
DA:192,0
DA:193,0
DA:195,0
DA:196,0
DA:197,0
DA:198,0
DA:199,0
DA:200,0
DA:201,0
DA:202,0
DA:203,0
DA:204,0
DA:205,0
DA:207,0
DA:208,0
DA:209,0
DA:210,0
DA:211,0
DA:213,0
DA:214,0
DA:215,0
DA:216,0
DA:217,0
DA:236,0
DA:237,0
DA:238,0
DA:239,0
DA:240,0
DA:241,0
DA:242,0
DA:269,0
DA:270,0
DA:271,0
DA:310,0
DA:311,0
DA:312,0
DA:313,0
DA:314,0
DA:315,0
DA:341,0
DA:342,0
DA:343,0
DA:350,0
DA:351,0
DA:352,0
DA:374,0
DA:375,0
DA:376,0
DA:377,0
DA:378,0
DA:379,0
DA:380,0
DA:381,0
DA:382,0
DA:400,0
DA:401,0
DA:402,0
DA:403,0
DA:404,0
DA:405,0
DA:409,0
DA:410,0
DA:411,0
DA:415,0
DA:416,0
DA:417,0
DA:490,0
DA:491,0
DA:492,0
DA:501,1
DA:502,1
DA:503,1
DA:504,1
BRF:0
BRH:0
LF:199
LH:4
end_of_record
SF:/home/runner/work/model-core.swift/model-core.swift/Tests/ModelCoreTests/ModelCoreTests.swift
FN:4,$s14ModelCoreTests11testExampleyyKF
FNDA:0,$s14ModelCoreTests11testExampleyyKF
FNF:1
FNH:0
DA:4,0
DA:5,0
BRF:0
BRH:0
LF:2
LH:0
end_of_record
